2015-11-13 16:06:21,557 Voiture retournée !
2015-11-13 16:06:21,628 Voitures retournées !
2015-11-13 16:06:21,630 Voitures retournées !
2015-11-13 16:06:21,631 Voitures retournées !
2015-11-13 16:06:21,652 Voiture ajoutée !
2015-11-13 16:06:21,655 Voiture ajoutée !
2015-11-13 16:06:21,661 Voitures retournées !
2015-11-13 16:06:21,670 Voiture supprimée !
2015-11-13 16:06:21,673 Voiture supprimée !
2015-11-13 16:06:21,676 Voiture retournée !
2015-11-13 16:06:21,679 Voiture ajoutée !
2015-11-13 16:06:21,682 Voiture retournée !
2015-11-13 16:06:21,685 Voiture supprimée !
2015-11-13 16:26:24,520 Voiture retournée !
2015-11-13 16:26:24,593 Voitures retournées !
2015-11-13 16:26:24,594 Voitures retournées !
2015-11-13 16:26:24,617 Voiture ajoutée !
2015-11-13 16:26:24,620 Voiture ajoutée !
2015-11-13 16:26:24,627 Voitures retournées !
2015-11-13 16:26:24,639 Voiture supprimée !
2015-11-13 16:26:24,643 Voiture supprimée !
2015-11-13 16:26:24,646 Voiture ajoutée !
2015-11-13 16:26:24,648 Voiture supprimée !
2015-11-13 16:26:24,649 Voiture retournée !
2015-11-13 16:26:24,651 Voiture retournée !
2015-11-13 16:26:24,654 Voiture a roulé !
2015-11-13 16:26:24,656 Voiture ajoutée !
2015-11-13 16:26:24,660 Voiture retournée !
2015-11-13 16:26:24,662 Voiture supprimée !
